
=====================================================================
 Run #0 / Number of event processed : 1000000
=====================================================================
organ ID|      Organ Mass (g)   Dose (Gy/source)     Relative Error
     100|               8.683          2.063e-19              1.000
     200|               8.683          2.218e-20              1.000
     300|               0.022          0.000e+00              1.000
     301|               0.090          0.000e+00              1.000
     302|               0.028          0.000e+00              1.000
     303|              11.291          5.174e-18              0.998
     400|               0.141          0.000e+00              1.000
     401|               0.390          0.000e+00              1.000
     402|               0.098          0.000e+00              1.000
     403|               0.049          0.000e+00              1.000
     404|               0.098          0.000e+00              1.000
     405|              28.808          7.720e-21              1.000
     500|               0.086          0.000e+00              1.000
     501|               0.024          0.000e+00              1.000
     600|               0.023          0.000e+00              1.000
     700|              10.364          0.000e+00              1.000
     800|               0.025          0.000e+00              1.000
     801|               0.031          0.000e+00              1.000
     802|               0.052          0.000e+00              1.000
     803|               0.130          0.000e+00              1.000
     804|               0.026          0.000e+00              1.000
     805|               0.052          0.000e+00              1.000
     806|               0.052          0.000e+00              1.000
     807|               0.053          0.000e+00              1.000
     808|               2.777          0.000e+00              1.000
     900|               1.504          0.000e+00              1.000
     910|               6.944          0.000e+00              1.000
    1000|             193.197          3.033e-19              0.888
    1010|             444.035          1.654e-19              0.639
    1100|              32.463          1.348e-17              0.401
    1110|             167.269          2.416e-18              0.477
    1200|             108.832          9.250e-19              0.975
    1210|             389.741          2.603e-18              0.356
    1300|             159.196          1.482e-19              0.578
    1400|             145.689          2.165e-19              0.514
    1500|              34.244          0.000e+00              1.000
    1600|             106.720          2.406e-19              0.532
    1700|              50.890          2.434e-19              0.787
    1800|              37.397          1.242e-19              1.000
    1900|             273.409          2.495e-18              0.413
    2000|             154.981          6.137e-19              0.593
    2100|              22.996          4.222e-20              1.000
    2200|             181.529          1.198e-17              0.222
    2300|             118.927          1.141e-18              0.617
    2400|              48.252          0.000e+00              1.000
    2500|              45.057          0.000e+00              1.000
    2600|             568.469          3.340e-19              0.385
    2700|             382.073          8.233e-20              0.576
    2800|             253.548          1.873e-20              1.000
    2900|             413.232          8.293e-20              0.598
    3000|              26.045          0.000e+00              1.000
    3100|             307.761          4.494e-20              0.711
    3200|             373.652          1.162e-19              0.567
    3300|              82.179          0.000e+00              1.000
    3400|             536.651          2.153e-19              0.418
    3500|             621.408          3.264e-20              0.512
    3600|              79.815          7.463e-21              1.000
    3700|             234.882          4.980e-19              0.539
    3800|             432.615          1.051e-19              0.372
    3900|              76.877          2.857e-19              0.560
    4000|              56.287          2.569e-19              0.650
    4100|             402.595          9.177e-20              0.418
    4200|             619.672          2.544e-20              0.593
    4300|             368.797          5.611e-18              0.211
    4400|             457.351          1.486e-18              0.393
    4500|             223.333          0.000e+00              1.000
    4600|             156.670          0.000e+00              1.000
    4700|             103.943          4.627e-21              1.000
    4800|              78.915          1.972e-20              0.903
    4900|             289.440          7.499e-20              0.508
    5000|             345.222          2.301e-21              0.723
    5100|             188.047          2.025e-20              0.740
    5200|             291.584          0.000e+00              1.000
    5300|             110.320          1.358e-19              0.597
    5400|             192.224          3.793e-21              1.000
    5500|               9.991          0.000e+00              1.000
    5600|              61.420          8.228e-20              0.759
    5700|              56.331          0.000e+00              1.000
    5800|              82.063          2.084e-20              1.000
    6100|            1517.390          7.757e-20              0.335
    6200|               7.769          0.000e+00              1.000
    6300|               5.180          0.000e+00              1.000
    6400|               7.769          3.943e-17              0.578
    6500|               5.180          5.415e-17              0.718
    6600|               0.039          0.000e+00              1.000
    6601|               0.189          0.000e+00              1.000
    6700|               1.113          0.000e+00              1.000
    6701|               0.308          0.000e+00              1.000
    6702|               6.122          0.000e+00              1.000
    6800|               0.039          0.000e+00              1.000
    6801|               0.189          0.000e+00              1.000
    6900|               1.113          1.487e-16              0.715
    6901|               0.308          0.000e+00              1.000
    6902|               6.122          2.307e-19              1.000
    7000|              10.364          0.000e+00              1.000
    7100|              58.000          0.000e+00              1.000
    7200|               1.784          0.000e+00              1.000
    7201|               1.193          0.000e+00              1.000
    7202|               6.008          0.000e+00              1.000
    7203|             185.286          0.000e+00              1.000
    7300|             250.000          4.901e-20              0.729
    7400|              14.547          4.042e-19              1.000
    7401|               2.264          4.271e-19              1.000
    7402|               5.692          0.000e+00              1.000
    7403|             840.096          2.837e-20              0.593
    7500|              53.337          0.000e+00              1.000
    7501|             296.663          6.961e-21              0.566
    7600|               3.071          0.000e+00              1.000
    7601|               0.223          0.000e+00              1.000
    7602|             116.634          1.404e-20              0.764
    7700|              55.000          1.509e-19              0.619
    7800|               3.993          0.000e+00              1.000
    7801|               0.289          0.000e+00              1.000
    7802|              75.671          1.058e-19              0.735
    7900|              95.000          1.072e-19              0.842
    8000|               2.824          0.000e+00              1.000
    8001|               0.205          0.000e+00              1.000
    8002|              76.924          0.000e+00              1.000
    8100|              40.000          0.000e+00              1.000
    8200|               2.779          0.000e+00              1.000
    8201|               0.203          0.000e+00              1.000
    8202|             116.946          1.795e-20              1.000
    8300|              35.000          0.000e+00              1.000
    8400|               4.451          0.000e+00              1.000
    8401|               0.324          0.000e+00              1.000
    8402|              48.524          1.471e-19              1.000
    8500|              75.000          3.715e-20              1.000
    8600|              39.976          1.765e-19              0.859
    8700|             385.839          1.364e-20              0.584
    8800|             510.000          5.552e-20              0.844
    8900|             162.338          4.608e-20              1.000
    9000|              38.359          0.000e+00              1.000
    9100|               7.652          0.000e+00              1.000
    9200|             166.542          6.845e-19              0.601
    9300|              39.362          8.297e-19              0.968
    9400|               7.892          0.000e+00              1.000
    9500|            2360.000          9.644e-20              0.251
    9700|             545.877          2.871e-20              0.630
    9900|             652.861          1.949e-20              0.497
   10000|              15.949          0.000e+00              1.000
   10100|              15.949          0.000e+00              1.000
   10200|               5.510          0.000e+00              1.000
   10300|             130.204          4.909e-20              0.854
   10400|              11.019          1.387e-20              1.000
   10500|              11.019          0.000e+00              1.000
   10600|            1200.828          1.535e-18              0.210
   10700|           14844.730          1.157e-18              0.079
   10800|            2843.507          9.548e-18              0.067
   10900|           10887.729          3.010e-18              0.061
   11000|               1.919          0.000e+00              1.000
   11001|               0.103          0.000e+00              1.000
   11002|              49.783          0.000e+00              1.000
   11003|              22.870          0.000e+00              1.000
   11300|             173.631          8.814e-19              0.946
   11400|               0.622          0.000e+00              1.000
   11500|              17.618          0.000e+00              1.000
   11600|             975.622          4.971e-17              0.052
   11700|           11176.900          2.641e-17              0.022
   11800|            1549.842          1.765e-16              0.023
   11900|            4510.134          5.423e-17              0.023
   12000|              44.045          0.000e+00              1.000
   12100|              44.045          2.789e-17              0.318
   12200|             259.230          4.309e-16              0.031
   12201|               8.470          6.953e-16              0.043
   12300|            1271.006          5.265e-16              0.013
   12301|              38.418          1.021e-15              0.017
   12400|             575.709          9.250e-16              0.014
   12401|              18.843          1.634e-15              0.019
   12500|            1259.982          5.029e-16              0.013
   12501|              37.790          9.074e-16              0.018
   12600|              37.952          2.340e-21              1.000
   12700|             228.400          0.000e+00              1.000
   12800|              50.727          0.000e+00              1.000
   12801|               0.043          0.000e+00              1.000
   12900|              18.617          0.000e+00              1.000
   13000|              18.617          0.000e+00              1.000
   13100|              25.909          0.000e+00              1.000
   13200|              23.351          0.000e+00              1.000
   13300|              20.993          0.000e+00              1.000
   13301|              54.552          1.501e-19              0.998
   13400|               3.109          0.000e+00              1.000
   13500|               8.809          0.000e+00              1.000
   13600|               7.773          0.000e+00              1.000
   13700|              49.781          0.000e+00              1.000
   13701|               1.318          0.000e+00              1.000
   13800|             200.000          5.912e-20              0.714
   14000|               0.140          0.000e+00              1.000
=====================================================================

